2026-06-08 20:06:27 [INFO] === 加载数据矩阵 ===
2026-06-08 20:06:31 [INFO]   数据日期范围: [Timestamp('2025-01-02 00:00:00'), Timestamp('2026-03-23 00:00:00')]
2026-06-08 20:06:31 [INFO]   股票数量: 1000
2026-06-08 20:06:31 [INFO] 
=== 批量计算因子 ===
2026-06-08 20:06:51 [INFO]   共计算 45 个候选因子
2026-06-08 20:06:51 [INFO] 
=== 评价因子 ===
2026-06-08 20:07:07 [INFO] 
=== 因子筛选（目标: |AR|>0.1, |SR|>2, |corr|<0.3）===
2026-06-08 20:07:07 [INFO]   严格筛选结果: 0 个因子
2026-06-08 20:07:07 [WARNING]   不足 10 个，放宽条件补足...
2026-06-08 20:07:07 [INFO] 
  最终 0 个达标因子:
2026-06-08 20:07:07 [INFO] 
=== 生成因子相关矩阵热力图 ===
2026-06-08 20:07:07 [INFO]   热力图已保存: d:\THU\课程\04-量化投资概论\homework\Final\Final Project\group_1\02_factor_calculation\corr_matrix.png
2026-06-08 20:07:07 [INFO] 
  因子数据已保存到: d:\THU\课程\04-量化投资概论\homework\Final\Final Project\group_1\data\group1
2026-06-08 20:07:07 [INFO] 
================================================================================
2026-06-08 20:07:07 [INFO] 10个达标因子汇总表
2026-06-08 20:07:07 [INFO] ================================================================================
2026-06-08 20:07:07 [INFO] 因子名                         Sharpe   AnnRet  IC_mean    IC_IR
2026-06-08 20:07:07 [INFO] ------------------------------------------------------------
2026-06-08 20:07:07 [INFO] 
完成！
2026-06-08 20:08:02 [INFO] === 加载数据矩阵 ===
2026-06-08 20:08:08 [INFO]   数据日期范围: [Timestamp('2023-01-03 00:00:00'), Timestamp('2026-03-23 00:00:00')]
2026-06-08 20:08:08 [INFO]   股票数量: 1000
2026-06-08 20:08:08 [INFO] 
=== 批量计算因子 ===
2026-06-08 20:09:01 [INFO]   共计算 45 个候选因子
2026-06-08 20:09:01 [INFO] 
=== 评价因子 ===
2026-06-08 20:09:34 [INFO] 
=== 因子筛选（目标: |AR|>0.1, |SR|>2, |corr|<0.3）===
2026-06-08 20:09:34 [INFO]   严格筛选结果: 0 个因子
2026-06-08 20:09:34 [WARNING]   不足 10 个，放宽条件补足...
2026-06-08 20:09:34 [INFO] 
  最终 0 个达标因子:
2026-06-08 20:09:34 [INFO] 
=== 生成因子相关矩阵热力图 ===
2026-06-08 20:09:34 [INFO]   热力图已保存: d:\THU\课程\04-量化投资概论\homework\Final\Final Project\group_1\02_factor_calculation\corr_matrix.png
2026-06-08 20:09:34 [INFO] 
  因子数据已保存到: d:\THU\课程\04-量化投资概论\homework\Final\Final Project\group_1\data\group1
2026-06-08 20:09:34 [INFO] 
================================================================================
2026-06-08 20:09:34 [INFO] 10个达标因子汇总表
2026-06-08 20:09:34 [INFO] ================================================================================
2026-06-08 20:09:34 [INFO] 因子名                         Sharpe   AnnRet  IC_mean    IC_IR
2026-06-08 20:09:34 [INFO] ------------------------------------------------------------
2026-06-08 20:09:34 [INFO] 
完成！
2026-06-08 20:10:14 [INFO] === 加载数据矩阵 ===
2026-06-08 20:10:25 [INFO]   数据日期范围: [Timestamp('2017-01-03 00:00:00'), Timestamp('2026-03-23 00:00:00')]
2026-06-08 20:10:25 [INFO]   股票数量: 1000
2026-06-08 20:10:25 [INFO] 
=== 批量计算因子 ===
2026-06-08 20:13:54 [INFO] === 加载数据矩阵 ===
2026-06-08 20:14:06 [INFO]   数据日期范围: [Timestamp('2017-01-03 00:00:00'), Timestamp('2026-03-23 00:00:00')]
2026-06-08 20:14:06 [INFO]   股票数量: 1000
2026-06-08 20:14:06 [INFO] 
=== 批量计算因子 ===
2026-06-08 20:16:34 [INFO]   共计算 45 个候选因子
2026-06-08 20:16:34 [INFO] 
=== 评价因子 ===
2026-06-08 20:16:36 [INFO]   FF_MOM_1M                  SR=-0.760  AR=-0.121  IC_mean=-0.0083  IC_IR=-0.89
2026-06-08 20:16:38 [INFO]   FF_MOM_3M                  SR=-0.967  AR=-0.164  IC_mean=-0.0100  IC_IR=-1.01
2026-06-08 20:16:40 [INFO]   FF_MOM_6M_SKIP             SR=-0.198  AR=-0.029  IC_mean=-0.0005  IC_IR=-0.05
2026-06-08 20:16:44 [INFO]   FF_ABNORM_VOL              SR=-1.283  AR=-0.131  IC_mean=-0.0081  IC_IR=-1.37
2026-06-08 20:16:47 [INFO]   FF_VOL_PRICE_CORR          SR=+2.082  AR=+0.216  IC_mean=+0.0130  IC_IR=+2.09
2026-06-08 20:16:49 [INFO]   FF_TURNOVER_MOM            SR=-1.245  AR=-0.130  IC_mean=-0.0078  IC_IR=-1.26
2026-06-08 20:16:51 [INFO]   FF_REV_5D                  SR=+0.673  AR=+0.099  IC_mean=+0.0077  IC_IR=+0.88
2026-06-08 20:16:53 [INFO]   FF_REV_OVERNIGHT           SR=-2.279  AR=-0.193  IC_mean=-0.0112  IC_IR=-2.20
2026-06-08 20:16:55 [INFO]   FF_REV_GAP                 SR=-2.333  AR=-0.195  IC_mean=-0.0114  IC_IR=-2.30
2026-06-08 20:16:57 [INFO]   FF_LONG_REV                SR=+0.314  AR=+0.046  IC_mean=+0.0014  IC_IR=+0.16
2026-06-08 20:17:00 [INFO]   FF_VOL_20D                 SR=+0.986  AR=+0.169  IC_mean=+0.0070  IC_IR=+0.67
2026-06-08 20:17:02 [INFO]   FF_VOL_60D                 SR=+0.805  AR=+0.142  IC_mean=+0.0047  IC_IR=+0.44
2026-06-08 20:17:04 [INFO]   FF_MAX_RET                 SR=+1.033  AR=+0.145  IC_mean=+0.0067  IC_IR=+0.78
2026-06-08 20:17:07 [INFO]   FF_MIN_RET                 SR=+0.552  AR=+0.085  IC_mean=+0.0023  IC_IR=+0.25
2026-06-08 20:17:09 [INFO]   FF_SKEW                    SR=+0.932  AR=+0.072  IC_mean=+0.0048  IC_IR=+1.07
2026-06-08 20:17:11 [INFO]   FF_DOWNSIDE_VOL            SR=+0.575  AR=+0.095  IC_mean=+0.0024  IC_IR=+0.24
2026-06-08 20:17:14 [INFO]   FF_VOL_OF_VOL              SR=+1.111  AR=+0.139  IC_mean=+0.0064  IC_IR=+0.83
2026-06-08 20:17:17 [INFO]   FF_TURNOVER                SR=+1.413  AR=+0.235  IC_mean=+0.0115  IC_IR=+1.15
2026-06-08 20:17:19 [INFO]   FF_AMIHUD                  SR=-1.184  AR=-0.161  IC_mean=-0.0111  IC_IR=-1.39
2026-06-08 20:17:22 [INFO]   FF_VOLUME_RATIO            SR=-1.064  AR=-0.096  IC_mean=-0.0059  IC_IR=-1.13
2026-06-08 20:17:24 [INFO]   FF_FREEFLOAT_TO            SR=+1.350  AR=+0.233  IC_mean=+0.0115  IC_IR=+1.14
2026-06-08 20:17:26 [INFO]   FF_AMOUNT_STD              SR=-1.780  AR=-0.290  IC_mean=-0.0160  IC_IR=-1.63
2026-06-08 20:17:29 [INFO]   FF_LIQ_DECAY               SR=+1.199  AR=+0.208  IC_mean=+0.0092  IC_IR=+0.88
2026-06-08 20:17:31 [INFO]   FF_NET_MF                  SR=-0.926  AR=-0.090  IC_mean=-0.0062  IC_IR=-1.07
2026-06-08 20:17:33 [INFO]   FF_LARGE_BUY               SR=-0.545  AR=-0.062  IC_mean=-0.0036  IC_IR=-0.55
2026-06-08 20:17:36 [INFO]   FF_LARGE_SELL              SR=+1.606  AR=+0.178  IC_mean=+0.0107  IC_IR=+1.67
2026-06-08 20:17:37 [INFO]   FF_MF_DECAY                SR=+0.160  AR=+0.017  IC_mean=+0.0009  IC_IR=+0.14
2026-06-08 20:17:41 [INFO]   FF_BOLL_PCTB               SR=-0.234  AR=-0.033  IC_mean=-0.0031  IC_IR=-0.38
2026-06-08 20:17:43 [INFO]   FF_MACD                    SR=+0.737  AR=+0.093  IC_mean=+0.0064  IC_IR=+0.83
2026-06-08 20:17:45 [INFO]   FF_RSI                     SR=+0.429  AR=+0.059  IC_mean=+0.0044  IC_IR=+0.54
2026-06-08 20:17:49 [INFO]   FF_HL_RATIO                SR=+1.057  AR=+0.166  IC_mean=+0.0079  IC_IR=+0.87
2026-06-08 20:17:51 [INFO]   FF_OPEN_RET                SR=+2.435  AR=+0.203  IC_mean=+0.0123  IC_IR=+2.47
2026-06-08 20:17:55 [INFO]   FF_SIZE                    SR=+0.992  AR=+0.149  IC_mean=+0.0119  IC_IR=+1.37
2026-06-08 20:17:57 [INFO]   FF_PB                      SR=+0.686  AR=+0.098  IC_mean=+0.0046  IC_IR=+0.53
2026-06-08 20:17:59 [INFO]   FF_EP                      SR=+0.413  AR=+0.045  IC_mean=+0.0013  IC_IR=+0.20
2026-06-08 20:18:01 [INFO]   FF_DIV                     SR=+0.593  AR=+0.074  IC_mean=+0.0035  IC_IR=+0.44
2026-06-08 20:18:04 [INFO]   FF_PS                      SR=+0.827  AR=+0.092  IC_mean=+0.0041  IC_IR=+0.60
2026-06-08 20:18:06 [INFO]   FF_TO_F                    SR=+1.550  AR=+0.247  IC_mean=+0.0124  IC_IR=+1.30
2026-06-08 20:18:09 [INFO]   FF_IDIO_MOM                SR=-0.871  AR=-0.136  IC_mean=-0.0089  IC_IR=-0.96
2026-06-08 20:18:11 [INFO]   FF_PCT_CHG                 SR=-0.623  AR=-0.083  IC_mean=-0.0041  IC_IR=-0.52
2026-06-08 20:18:14 [INFO]   FF_EXRET_5D                SR=-0.614  AR=-0.090  IC_mean=-0.0068  IC_IR=-0.79
2026-06-08 20:18:14 [INFO] 
=== 因子筛选（目标: |AR|>0.1, |SR|>2, |corr|<0.3）===
2026-06-08 20:18:14 [INFO]   严格筛选结果: 2 个因子
2026-06-08 20:18:14 [WARNING]   不足 10 个，放宽条件补足...
2026-06-08 20:18:14 [INFO] 
  最终 2 个达标因子:
2026-06-08 20:18:14 [INFO]     FF_OPEN_RET                SR=+2.435  AR=+0.203  IC_mean=+0.0123  IC_IR=+2.47
2026-06-08 20:18:14 [INFO]     FF_VOL_PRICE_CORR          SR=+2.082  AR=+0.216  IC_mean=+0.0130  IC_IR=+2.09
2026-06-08 20:18:14 [INFO] 
=== 生成因子相关矩阵热力图 ===
2026-06-08 20:18:16 [INFO]   热力图已保存: d:\THU\课程\04-量化投资概论\homework\Final\Final Project\group_1\02_factor_calculation\corr_matrix.png
2026-06-08 20:18:16 [INFO] 
  因子数据已保存到: d:\THU\课程\04-量化投资概论\homework\Final\Final Project\group_1\data\group1
2026-06-08 20:18:16 [INFO] 
================================================================================
2026-06-08 20:18:16 [INFO] 10个达标因子汇总表
2026-06-08 20:18:16 [INFO] ================================================================================
2026-06-08 20:18:16 [INFO] 因子名                         Sharpe   AnnRet  IC_mean    IC_IR
2026-06-08 20:18:16 [INFO] ------------------------------------------------------------
2026-06-08 20:18:16 [INFO] FF_OPEN_RET                 +2.435   +0.203  +0.0123    +2.47
2026-06-08 20:18:16 [INFO] FF_VOL_PRICE_CORR           +2.082   +0.216  +0.0130    +2.09
2026-06-08 20:18:16 [INFO] 
完成！
2026-06-09 16:05:56 [INFO] === 加载数据矩阵 ===
2026-06-09 16:06:33 [INFO] === 加载数据矩阵 ===
2026-06-09 16:06:48 [INFO] === 加载数据矩阵 ===
2026-06-09 16:06:59 [INFO]   数据日期范围: [Timestamp('2017-01-03 00:00:00'), Timestamp('2026-03-23 00:00:00')]
2026-06-09 16:06:59 [INFO]   股票数量: 1000
2026-06-09 16:06:59 [INFO] 
=== 批量计算因子 ===
2026-06-09 16:09:53 [INFO]   共计算 45 个候选因子
2026-06-09 16:09:53 [INFO] 
=== 评价因子 ===
2026-06-09 16:09:56 [INFO]   FF_MOM_1M                  SR=+0.818  AR=+0.131  IC_mean=+0.0093  IC_IR=+0.98
2026-06-09 16:09:58 [INFO]   FF_MOM_3M                  SR=+1.013  AR=+0.173  IC_mean=+0.0109  IC_IR=+1.08
2026-06-09 16:10:01 [INFO]   FF_MOM_6M_SKIP             SR=-0.198  AR=-0.029  IC_mean=-0.0005  IC_IR=-0.05
2026-06-09 16:10:07 [INFO]   FF_ABNORM_VOL              SR=+1.402  AR=+0.143  IC_mean=+0.0098  IC_IR=+1.64
2026-06-09 16:10:09 [INFO]   FF_VOL_PRICE_CORR          SR=+2.082  AR=+0.216  IC_mean=+0.0130  IC_IR=+2.09
2026-06-09 16:10:11 [INFO]   FF_TURNOVER_MOM            SR=+1.352  AR=+0.142  IC_mean=+0.0094  IC_IR=+1.50
2026-06-09 16:10:14 [INFO]   FF_REV_5D                  SR=+0.673  AR=+0.099  IC_mean=+0.0077  IC_IR=+0.88
2026-06-09 16:10:17 [INFO]   FF_REV_OVERNIGHT           SR=+2.392  AR=+0.202  IC_mean=+0.0121  IC_IR=+2.37
2026-06-09 16:10:19 [INFO]   FF_REV_GAP                 SR=+2.435  AR=+0.203  IC_mean=+0.0123  IC_IR=+2.47
2026-06-09 16:10:21 [INFO]   FF_LONG_REV                SR=+0.314  AR=+0.046  IC_mean=+0.0014  IC_IR=+0.16
2026-06-09 16:10:24 [INFO]   FF_VOL_20D                 SR=+0.986  AR=+0.169  IC_mean=+0.0070  IC_IR=+0.67
2026-06-09 16:10:26 [INFO]   FF_VOL_60D                 SR=+0.805  AR=+0.142  IC_mean=+0.0047  IC_IR=+0.44
2026-06-09 16:10:29 [INFO]   FF_MAX_RET                 SR=+1.033  AR=+0.145  IC_mean=+0.0067  IC_IR=+0.78
2026-06-09 16:10:31 [INFO]   FF_MIN_RET                 SR=+0.552  AR=+0.085  IC_mean=+0.0023  IC_IR=+0.25
2026-06-09 16:10:33 [INFO]   FF_SKEW                    SR=+0.932  AR=+0.072  IC_mean=+0.0048  IC_IR=+1.07
2026-06-09 16:10:35 [INFO]   FF_DOWNSIDE_VOL            SR=+0.575  AR=+0.095  IC_mean=+0.0024  IC_IR=+0.24
2026-06-09 16:10:37 [INFO]   FF_VOL_OF_VOL              SR=+1.111  AR=+0.139  IC_mean=+0.0064  IC_IR=+0.83
2026-06-09 16:10:40 [INFO]   FF_TURNOVER                SR=+1.413  AR=+0.235  IC_mean=+0.0115  IC_IR=+1.15
2026-06-09 16:10:42 [INFO]   FF_AMIHUD                  SR=+1.228  AR=+0.166  IC_mean=+0.0118  IC_IR=+1.47
2026-06-09 16:10:46 [INFO]   FF_VOLUME_RATIO            SR=+1.166  AR=+0.105  IC_mean=+0.0072  IC_IR=+1.40
2026-06-09 16:10:48 [INFO]   FF_FREEFLOAT_TO            SR=+1.350  AR=+0.233  IC_mean=+0.0115  IC_IR=+1.14
2026-06-09 16:10:50 [INFO]   FF_AMOUNT_STD              SR=+1.808  AR=+0.295  IC_mean=+0.0167  IC_IR=+1.69
2026-06-09 16:10:53 [INFO]   FF_LIQ_DECAY               SR=+1.199  AR=+0.208  IC_mean=+0.0092  IC_IR=+0.88
2026-06-09 16:10:55 [INFO]   FF_NET_MF                  SR=+0.953  AR=+0.093  IC_mean=+0.0066  IC_IR=+1.13
2026-06-09 16:10:58 [INFO]   FF_LARGE_BUY               SR=+0.505  AR=+0.057  IC_mean=+0.0034  IC_IR=+0.53
2026-06-09 16:11:00 [INFO]   FF_LARGE_SELL              SR=+1.606  AR=+0.178  IC_mean=+0.0107  IC_IR=+1.67
2026-06-09 16:11:03 [INFO]   FF_MF_DECAY                SR=-0.118  AR=-0.013  IC_mean=-0.0004  IC_IR=-0.06
2026-06-09 16:11:08 [INFO]   FF_BOLL_PCTB               SR=+0.267  AR=+0.038  IC_mean=+0.0038  IC_IR=+0.45
2026-06-09 16:11:10 [INFO]   FF_MACD                    SR=+0.737  AR=+0.093  IC_mean=+0.0064  IC_IR=+0.83
2026-06-09 16:11:13 [INFO]   FF_RSI                     SR=+0.429  AR=+0.059  IC_mean=+0.0044  IC_IR=+0.54
2026-06-09 16:11:18 [INFO]   FF_HL_RATIO                SR=+1.057  AR=+0.166  IC_mean=+0.0079  IC_IR=+0.87
2026-06-09 16:11:20 [INFO]   FF_OPEN_RET                SR=+2.435  AR=+0.203  IC_mean=+0.0123  IC_IR=+2.47
2026-06-09 16:11:25 [INFO]   FF_SIZE                    SR=+0.992  AR=+0.149  IC_mean=+0.0119  IC_IR=+1.37
2026-06-09 16:11:27 [INFO]   FF_PB                      SR=+0.686  AR=+0.098  IC_mean=+0.0046  IC_IR=+0.53
2026-06-09 16:11:29 [INFO]   FF_EP                      SR=+0.413  AR=+0.045  IC_mean=+0.0013  IC_IR=+0.20
2026-06-09 16:11:31 [INFO]   FF_DIV                     SR=+0.593  AR=+0.074  IC_mean=+0.0035  IC_IR=+0.44
2026-06-09 16:11:33 [INFO]   FF_PS                      SR=+0.827  AR=+0.092  IC_mean=+0.0041  IC_IR=+0.60
2026-06-09 16:11:36 [INFO]   FF_TO_F                    SR=+1.550  AR=+0.247  IC_mean=+0.0124  IC_IR=+1.30
2026-06-09 16:11:39 [INFO]   FF_IDIO_MOM                SR=+0.917  AR=+0.144  IC_mean=+0.0097  IC_IR=+1.03
2026-06-09 16:11:41 [INFO]   FF_PCT_CHG                 SR=+0.681  AR=+0.090  IC_mean=+0.0050  IC_IR=+0.63
2026-06-09 16:11:44 [INFO]   FF_EXRET_5D                SR=+0.672  AR=+0.098  IC_mean=+0.0077  IC_IR=+0.88
2026-06-09 16:11:44 [INFO] 
=== 因子筛选（目标: |AR|>0.1, |SR|>2, |corr|<0.3）===
2026-06-09 16:11:44 [INFO]   严格筛选结果: 2 个因子
2026-06-09 16:11:44 [WARNING]   不足 10 个，放宽条件补足...
2026-06-09 16:11:44 [INFO] 
  最终 2 个达标因子:
2026-06-09 16:11:44 [INFO]     FF_REV_GAP                 SR=+2.435  AR=+0.203  IC_mean=+0.0123  IC_IR=+2.47
2026-06-09 16:11:44 [INFO]     FF_VOL_PRICE_CORR          SR=+2.082  AR=+0.216  IC_mean=+0.0130  IC_IR=+2.09
2026-06-09 16:11:44 [INFO] 
=== 生成因子相关矩阵热力图 ===
2026-06-09 16:11:46 [INFO]   热力图已保存: d:\THU\课程\04-量化投资概论\homework\Final\FinalProject_Clean\group_1\02_factor_calculation\corr_matrix.png
2026-06-09 16:11:46 [INFO] 
  因子数据已保存到: d:\THU\课程\04-量化投资概论\homework\Final\FinalProject_Clean\group_1\data\group1
2026-06-09 16:11:46 [INFO] 
================================================================================
2026-06-09 16:11:46 [INFO] 10个达标因子汇总表
2026-06-09 16:11:46 [INFO] ================================================================================
2026-06-09 16:11:46 [INFO] 因子名                         Sharpe   AnnRet  IC_mean    IC_IR
2026-06-09 16:11:46 [INFO] ------------------------------------------------------------
2026-06-09 16:11:46 [INFO] FF_REV_GAP                  +2.435   +0.203  +0.0123    +2.47
2026-06-09 16:11:46 [INFO] FF_VOL_PRICE_CORR           +2.082   +0.216  +0.0130    +2.09
2026-06-09 16:11:46 [INFO] 
完成！
2026-06-09 16:15:42 [INFO] === 运行参数 ===
2026-06-09 16:15:42 [INFO]   数据起始日 (SD)    : 2021-01-01
2026-06-09 16:15:42 [INFO]   评价起始日 (SD_PER): 2021-12-31
2026-06-09 16:15:42 [INFO] === 加载数据矩阵 ===
2026-06-09 16:15:50 [INFO]   数据日期范围: [Timestamp('2021-01-04 00:00:00'), Timestamp('2026-03-23 00:00:00')]
2026-06-09 16:15:50 [INFO]   截止日期 (END)    : 2026-03-23
2026-06-09 16:15:50 [INFO]   股票数量: 1000
2026-06-09 16:15:50 [INFO] 
=== 批量计算因子 ===
2026-06-09 16:17:28 [INFO]   共计算 45 个候选因子
2026-06-09 16:17:28 [INFO] 
=== 评价因子 ===
2026-06-09 16:17:29 [INFO]   FF_MOM_1M                  SR=+1.058  AR=+0.175  IC_mean=+0.0113  IC_IR=+1.13
2026-06-09 16:17:31 [INFO]   FF_MOM_3M                  SR=+1.319  AR=+0.227  IC_mean=+0.0137  IC_IR=+1.31
2026-06-09 16:17:32 [INFO]   FF_MOM_6M_SKIP             SR=-0.524  AR=-0.078  IC_mean=-0.0034  IC_IR=-0.37
2026-06-09 16:17:35 [INFO]   FF_ABNORM_VOL              SR=+1.260  AR=+0.126  IC_mean=+0.0091  IC_IR=+1.48
2026-06-09 16:17:36 [INFO]   FF_VOL_PRICE_CORR          SR=+2.299  AR=+0.248  IC_mean=+0.0151  IC_IR=+2.29
2026-06-09 16:17:38 [INFO]   FF_TURNOVER_MOM            SR=+1.634  AR=+0.168  IC_mean=+0.0113  IC_IR=+1.76
2026-06-09 16:17:39 [INFO]   FF_REV_5D                  SR=+0.886  AR=+0.140  IC_mean=+0.0099  IC_IR=+1.04
2026-06-09 16:17:41 [INFO]   FF_REV_OVERNIGHT           SR=+2.154  AR=+0.195  IC_mean=+0.0113  IC_IR=+2.07
2026-06-09 16:17:42 [INFO]   FF_REV_GAP                 SR=+2.152  AR=+0.189  IC_mean=+0.0111  IC_IR=+2.09
2026-06-09 16:17:43 [INFO]   FF_LONG_REV                SR=+0.554  AR=+0.074  IC_mean=+0.0030  IC_IR=+0.34
2026-06-09 16:17:45 [INFO]   FF_VOL_20D                 SR=+1.205  AR=+0.218  IC_mean=+0.0118  IC_IR=+1.07
2026-06-09 16:17:46 [INFO]   FF_VOL_60D                 SR=+0.921  AR=+0.173  IC_mean=+0.0089  IC_IR=+0.76
2026-06-09 16:17:47 [INFO]   FF_MAX_RET                 SR=+1.326  AR=+0.197  IC_mean=+0.0110  IC_IR=+1.20
2026-06-09 16:17:49 [INFO]   FF_MIN_RET                 SR=+0.566  AR=+0.096  IC_mean=+0.0046  IC_IR=+0.44
2026-06-09 16:17:50 [INFO]   FF_SKEW                    SR=+1.182  AR=+0.097  IC_mean=+0.0068  IC_IR=+1.44
2026-06-09 16:17:52 [INFO]   FF_DOWNSIDE_VOL            SR=+0.651  AR=+0.118  IC_mean=+0.0057  IC_IR=+0.51
2026-06-09 16:17:54 [INFO]   FF_VOL_OF_VOL              SR=+1.198  AR=+0.168  IC_mean=+0.0091  IC_IR=+1.06
2026-06-09 16:17:56 [INFO]   FF_TURNOVER                SR=+1.400  AR=+0.246  IC_mean=+0.0139  IC_IR=+1.30
2026-06-09 16:17:58 [INFO]   FF_AMIHUD                  SR=+1.305  AR=+0.180  IC_mean=+0.0139  IC_IR=+1.66
2026-06-09 16:17:59 [INFO]   FF_VOLUME_RATIO            SR=+0.747  AR=+0.068  IC_mean=+0.0055  IC_IR=+1.01
2026-06-09 16:18:01 [INFO]   FF_FREEFLOAT_TO            SR=+1.309  AR=+0.229  IC_mean=+0.0131  IC_IR=+1.24
2026-06-09 16:18:02 [INFO]   FF_AMOUNT_STD              SR=+1.822  AR=+0.305  IC_mean=+0.0194  IC_IR=+1.87
2026-06-09 16:18:03 [INFO]   FF_LIQ_DECAY               SR=+1.231  AR=+0.228  IC_mean=+0.0121  IC_IR=+1.08
2026-06-09 16:18:05 [INFO]   FF_NET_MF                  SR=+1.314  AR=+0.138  IC_mean=+0.0092  IC_IR=+1.45
2026-06-09 16:18:06 [INFO]   FF_LARGE_BUY               SR=+0.740  AR=+0.084  IC_mean=+0.0057  IC_IR=+0.83
2026-06-09 16:18:07 [INFO]   FF_LARGE_SELL              SR=+1.650  AR=+0.190  IC_mean=+0.0120  IC_IR=+1.71
2026-06-09 16:18:09 [INFO]   FF_MF_DECAY                SR=+0.260  AR=+0.027  IC_mean=+0.0016  IC_IR=+0.25
2026-06-09 16:18:10 [INFO]   FF_VWAP_DEV                SR=-0.133  AR=-0.019  IC_mean=-0.0001  IC_IR=-0.02
2026-06-09 16:18:12 [INFO]   FF_BOLL_PCTB               SR=+0.761  AR=+0.111  IC_mean=+0.0077  IC_IR=+0.88
2026-06-09 16:18:13 [INFO]   FF_MACD                    SR=+1.038  AR=+0.140  IC_mean=+0.0090  IC_IR=+1.07
2026-06-09 16:18:14 [INFO]   FF_RSI                     SR=+0.939  AR=+0.131  IC_mean=+0.0080  IC_IR=+0.94
2026-06-09 16:18:16 [INFO]   FF_PRICE_POS               SR=-0.551  AR=-0.077  IC_mean=-0.0031  IC_IR=-0.36
2026-06-09 16:18:17 [INFO]   FF_HL_RATIO                SR=+1.151  AR=+0.188  IC_mean=+0.0112  IC_IR=+1.16
2026-06-09 16:18:18 [INFO]   FF_OPEN_RET                SR=+2.152  AR=+0.189  IC_mean=+0.0111  IC_IR=+2.09
2026-06-09 16:18:19 [INFO]   FF_CLOSE_POS               SR=+0.121  AR=+0.013  IC_mean=+0.0015  IC_IR=+0.23
2026-06-09 16:18:21 [INFO]   FF_SIZE                    SR=+1.040  AR=+0.178  IC_mean=+0.0144  IC_IR=+1.47
2026-06-09 16:18:23 [INFO]   FF_PB                      SR=+1.212  AR=+0.176  IC_mean=+0.0111  IC_IR=+1.25
2026-06-09 16:18:24 [INFO]   FF_EP                      SR=+0.475  AR=+0.058  IC_mean=+0.0012  IC_IR=+0.16
2026-06-09 16:18:26 [INFO]   FF_DIV                     SR=+0.624  AR=+0.087  IC_mean=+0.0058  IC_IR=+0.64
2026-06-09 16:18:27 [INFO]   FF_PS                      SR=+1.211  AR=+0.138  IC_mean=+0.0081  IC_IR=+1.17
2026-06-09 16:18:28 [INFO]   FF_TO_F                    SR=+1.547  AR=+0.253  IC_mean=+0.0142  IC_IR=+1.43
2026-06-09 16:18:30 [INFO]   FF_IDIO_MOM                SR=+1.092  AR=+0.175  IC_mean=+0.0111  IC_IR=+1.13
2026-06-09 16:18:31 [INFO]   FF_PCT_CHG                 SR=+0.389  AR=+0.057  IC_mean=+0.0025  IC_IR=+0.29
2026-06-09 16:18:32 [INFO]   FF_EXRET_5D                SR=+0.886  AR=+0.140  IC_mean=+0.0099  IC_IR=+1.04
2026-06-09 16:18:32 [INFO] 
=== 因子筛选（目标: |AR|>0.1, |SR|>2, |corr|<0.3）===
2026-06-09 16:18:33 [INFO]   严格筛选结果: 2 个因子
2026-06-09 16:18:33 [WARNING]   不足 10 个，放宽条件补足...
2026-06-09 16:18:33 [INFO] 
  最终 2 个达标因子:
2026-06-09 16:18:33 [INFO]     FF_VOL_PRICE_CORR          SR=+2.299  AR=+0.248  IC_mean=+0.0151  IC_IR=+2.29
2026-06-09 16:18:33 [INFO]     FF_REV_OVERNIGHT           SR=+2.154  AR=+0.195  IC_mean=+0.0113  IC_IR=+2.07
2026-06-09 16:18:33 [INFO] 
=== 生成因子相关矩阵热力图 ===
2026-06-09 16:18:35 [INFO]   热力图已保存: d:\THU\课程\04-量化投资概论\homework\Final\FinalProject_Clean\group_1\02_factor_calculation\corr_matrix.png
2026-06-09 16:18:35 [INFO] 
  因子数据已保存到: d:\THU\课程\04-量化投资概论\homework\Final\FinalProject_Clean\group_1\data\group1
2026-06-09 16:18:35 [INFO] 
================================================================================
2026-06-09 16:18:35 [INFO] 10个达标因子汇总表
2026-06-09 16:18:35 [INFO] ================================================================================
2026-06-09 16:18:35 [INFO] 因子名                         Sharpe   AnnRet  IC_mean    IC_IR
2026-06-09 16:18:35 [INFO] ------------------------------------------------------------
2026-06-09 16:18:35 [INFO] FF_VOL_PRICE_CORR           +2.299   +0.248  +0.0151    +2.29
2026-06-09 16:18:35 [INFO] FF_REV_OVERNIGHT            +2.154   +0.195  +0.0113    +2.07
2026-06-09 16:18:35 [INFO] 
完成！
2026-06-09 16:35:03 [INFO] === 运行参数 ===
2026-06-09 16:35:03 [INFO]   数据起始日 (SD)    : 2021-01-01
2026-06-09 16:35:03 [INFO]   评价起始日 (SD_PER): 2021-12-31
2026-06-09 16:35:03 [INFO] === 加载数据矩阵 ===
2026-06-09 16:39:15 [INFO] === 运行参数 ===
2026-06-09 16:39:15 [INFO]   数据起始日 (SD)    : 2021-01-01
2026-06-09 16:39:15 [INFO]   评价起始日 (SD_PER): 2021-12-31
2026-06-09 16:39:15 [INFO] === 加载数据矩阵 ===
2026-06-09 16:39:28 [INFO] === 运行参数 ===
2026-06-09 16:39:28 [INFO]   数据起始日 (SD)    : 2021-01-01
2026-06-09 16:39:28 [INFO]   评价起始日 (SD_PER): 2021-12-31
2026-06-09 16:39:28 [INFO] === 加载数据矩阵 ===
2026-06-09 16:41:41 [INFO] === 运行参数 ===
2026-06-09 16:41:41 [INFO]   数据起始日 (SD)    : 2021-01-01
2026-06-09 16:41:41 [INFO]   评价起始日 (SD_PER): 2021-12-31
2026-06-09 16:41:41 [INFO] === 加载数据矩阵 ===
2026-06-09 16:41:54 [INFO]   数据日期范围: [Timestamp('2021-01-04 00:00:00'), Timestamp('2026-03-23 00:00:00')]
2026-06-09 16:41:54 [INFO]   截止日期 (END)    : 2026-03-23
2026-06-09 16:41:54 [INFO]   股票数量: 1000
2026-06-09 16:41:54 [INFO] 
=== 批量计算因子 ===
2026-06-09 16:50:39 [INFO] === 运行参数 ===
2026-06-09 16:50:39 [INFO]   数据起始日 (SD)    : 2021-01-01
2026-06-09 16:50:39 [INFO]   评价起始日 (SD_PER): 2021-12-31
2026-06-09 16:50:39 [INFO] === 加载数据矩阵 ===
2026-06-09 16:50:47 [INFO] === 运行参数 ===
2026-06-09 16:50:47 [INFO]   数据起始日 (SD)    : 2021-01-01
2026-06-09 16:50:47 [INFO]   评价起始日 (SD_PER): 2021-12-31
2026-06-09 16:50:47 [INFO] === 加载数据矩阵 ===
2026-06-09 16:50:55 [INFO]   数据日期范围: [Timestamp('2021-01-04 00:00:00'), Timestamp('2026-03-23 00:00:00')]
2026-06-09 16:50:55 [INFO]   截止日期 (END)    : 2026-03-23
2026-06-09 16:50:55 [INFO]   股票数量: 1000
2026-06-09 16:50:55 [INFO] 
=== 批量计算因子 ===
2026-06-09 17:11:46 [INFO]   共计算 68 个候选因子
2026-06-09 17:11:46 [INFO] 
=== 评价因子 ===
2026-06-09 17:11:48 [INFO]   FF_MOM_1M                  SR=+1.058  AR=+0.175  IC=+0.0113  IC_IR=+1.13  LngAR=-0.006  ShtAR=+0.182  TO=0.807  NetSR=+0.445
2026-06-09 17:11:49 [INFO]   FF_MOM_3M                  SR=+1.319  AR=+0.227  IC=+0.0137  IC_IR=+1.31  LngAR=+0.018  ShtAR=+0.210  TO=0.486  NetSR=+0.964
2026-06-09 17:11:51 [INFO]   FF_MOM_6M_SKIP             SR=-0.524  AR=-0.078  IC=-0.0034  IC_IR=-0.37  LngAR=-0.077  ShtAR=-0.002  TO=0.354  NetSR=-0.823
2026-06-09 17:11:54 [INFO]   FF_ABNORM_VOL              SR=+1.260  AR=+0.126  IC=+0.0091  IC_IR=+1.48  LngAR=-0.012  ShtAR=+0.139  TO=1.435  NetSR=-0.543
2026-06-09 17:11:55 [INFO]   FF_VOL_PRICE_CORR          SR=+2.299  AR=+0.248  IC=+0.0151  IC_IR=+2.29  LngAR=+0.084  ShtAR=+0.164  TO=0.482  NetSR=+1.736
2026-06-09 17:11:57 [INFO]   FF_TURNOVER_MOM            SR=+1.634  AR=+0.168  IC=+0.0113  IC_IR=+1.76  LngAR=-0.000  ShtAR=+0.169  TO=1.280  NetSR=+0.067
2026-06-09 17:11:59 [INFO]   FF_REV_5D                  SR=+0.886  AR=+0.140  IC=+0.0099  IC_IR=+1.04  LngAR=-0.018  ShtAR=+0.158  TO=1.208  NetSR=-0.077
2026-06-09 17:12:00 [INFO]   FF_REV_OVERNIGHT           SR=+2.154  AR=+0.195  IC=+0.0113  IC_IR=+2.07  LngAR=+0.027  ShtAR=+0.168  TO=2.622  NetSR=-1.490
2026-06-09 17:12:02 [INFO]   FF_REV_GAP                 SR=+2.152  AR=+0.189  IC=+0.0111  IC_IR=+2.09  LngAR=+0.025  ShtAR=+0.164  TO=2.503  NetSR=-1.441
2026-06-09 17:12:03 [INFO]   FF_LONG_REV                SR=+0.554  AR=+0.074  IC=+0.0030  IC_IR=+0.34  LngAR=-0.024  ShtAR=+0.098  TO=0.196  NetSR=+0.369
2026-06-09 17:12:05 [INFO]   FF_VOL_20D                 SR=+1.205  AR=+0.218  IC=+0.0118  IC_IR=+1.07  LngAR=+0.044  ShtAR=+0.173  TO=0.235  NetSR=+1.041
2026-06-09 17:12:06 [INFO]   FF_VOL_60D                 SR=+0.921  AR=+0.173  IC=+0.0089  IC_IR=+0.76  LngAR=+0.053  ShtAR=+0.120  TO=0.097  NetSR=+0.856
2026-06-09 17:12:08 [INFO]   FF_MAX_RET                 SR=+1.326  AR=+0.197  IC=+0.0110  IC_IR=+1.20  LngAR=+0.045  ShtAR=+0.152  TO=0.221  NetSR=+1.137
2026-06-09 17:12:10 [INFO]   FF_MIN_RET                 SR=+0.566  AR=+0.096  IC=+0.0046  IC_IR=+0.44  LngAR=+0.010  ShtAR=+0.086  TO=0.230  NetSR=+0.396
2026-06-09 17:12:12 [INFO]   FF_SKEW                    SR=+1.182  AR=+0.097  IC=+0.0068  IC_IR=+1.44  LngAR=+0.042  ShtAR=+0.055  TO=0.226  NetSR=+0.838
2026-06-09 17:12:13 [INFO]   FF_DOWNSIDE_VOL            SR=+0.651  AR=+0.118  IC=+0.0057  IC_IR=+0.51  LngAR=+0.015  ShtAR=+0.103  TO=0.252  NetSR=+0.477
2026-06-09 17:12:15 [INFO]   FF_VOL_OF_VOL              SR=+1.198  AR=+0.168  IC=+0.0091  IC_IR=+1.06  LngAR=+0.043  ShtAR=+0.125  TO=0.245  NetSR=+0.979
2026-06-09 17:12:17 [INFO]   FF_TURNOVER                SR=+1.400  AR=+0.246  IC=+0.0139  IC_IR=+1.30  LngAR=+0.023  ShtAR=+0.222  TO=0.786  NetSR=+0.836
2026-06-09 17:12:18 [INFO]   FF_AMIHUD                  SR=+1.305  AR=+0.180  IC=+0.0139  IC_IR=+1.66  LngAR=+0.062  ShtAR=+0.118  TO=0.117  NetSR=+1.199
2026-06-09 17:12:20 [INFO]   FF_VOLUME_RATIO            SR=+0.747  AR=+0.068  IC=+0.0055  IC_IR=+1.01  LngAR=-0.018  ShtAR=+0.086  TO=1.992  NetSR=-2.008
2026-06-09 17:12:21 [INFO]   FF_FREEFLOAT_TO            SR=+1.309  AR=+0.229  IC=+0.0131  IC_IR=+1.24  LngAR=-0.000  ShtAR=+0.230  TO=0.809  NetSR=+0.727
2026-06-09 17:12:23 [INFO]   FF_AMOUNT_STD              SR=+1.822  AR=+0.305  IC=+0.0194  IC_IR=+1.87  LngAR=+0.099  ShtAR=+0.207  TO=0.145  NetSR=+1.713
2026-06-09 17:12:25 [INFO]   FF_LIQ_DECAY               SR=+1.231  AR=+0.228  IC=+0.0121  IC_IR=+1.08  LngAR=+0.054  ShtAR=+0.174  TO=0.117  NetSR=+1.151
2026-06-09 17:12:26 [INFO]   FF_NET_MF                  SR=+1.314  AR=+0.138  IC=+0.0092  IC_IR=+1.45  LngAR=+0.044  ShtAR=+0.094  TO=2.670  NetSR=-1.893
2026-06-09 17:12:28 [INFO]   FF_LARGE_BUY               SR=+0.740  AR=+0.084  IC=+0.0057  IC_IR=+0.83  LngAR=+0.027  ShtAR=+0.056  TO=1.402  NetSR=-0.824
2026-06-09 17:12:29 [INFO]   FF_LARGE_SELL              SR=+1.650  AR=+0.190  IC=+0.0120  IC_IR=+1.71  LngAR=+0.056  ShtAR=+0.134  TO=1.362  NetSR=+0.158
2026-06-09 17:12:31 [INFO]   FF_MF_DECAY                SR=+0.260  AR=+0.027  IC=+0.0016  IC_IR=+0.25  LngAR=-0.019  ShtAR=+0.046  TO=0.564  NetSR=-0.437
2026-06-09 17:12:32 [INFO]   FF_VWAP_DEV                SR=-0.133  AR=-0.019  IC=-0.0001  IC_IR=-0.02  LngAR=-0.092  ShtAR=+0.074  TO=2.748  NetSR=-2.603
2026-06-09 17:12:34 [INFO]   FF_BOLL_PCTB               SR=+0.761  AR=+0.111  IC=+0.0077  IC_IR=+0.88  LngAR=+0.003  ShtAR=+0.108  TO=0.997  NetSR=-0.102
2026-06-09 17:12:36 [INFO]   FF_MACD                    SR=+1.038  AR=+0.140  IC=+0.0090  IC_IR=+1.07  LngAR=-0.009  ShtAR=+0.149  TO=0.442  NetSR=+0.627
2026-06-09 17:12:37 [INFO]   FF_RSI                     SR=+0.939  AR=+0.131  IC=+0.0080  IC_IR=+0.94  LngAR=+0.004  ShtAR=+0.127  TO=0.793  NetSR=+0.222
2026-06-09 17:12:39 [INFO]   FF_PRICE_POS               SR=-0.551  AR=-0.077  IC=-0.0031  IC_IR=-0.36  LngAR=-0.087  ShtAR=+0.010  TO=0.622  NetSR=-1.112
2026-06-09 17:12:41 [INFO]   FF_HL_RATIO                SR=+1.151  AR=+0.188  IC=+0.0112  IC_IR=+1.16  LngAR=+0.002  ShtAR=+0.186  TO=1.683  NetSR=-0.148
2026-06-09 17:12:42 [INFO]   FF_OPEN_RET                SR=+2.152  AR=+0.189  IC=+0.0111  IC_IR=+2.09  LngAR=+0.025  ShtAR=+0.164  TO=2.503  NetSR=-1.441
2026-06-09 17:12:44 [INFO]   FF_CLOSE_POS               SR=+0.121  AR=+0.013  IC=+0.0015  IC_IR=+0.23  LngAR=-0.039  ShtAR=+0.052  TO=2.633  NetSR=-2.932
2026-06-09 17:12:45 [INFO]   FF_SIZE                    SR=+1.040  AR=+0.178  IC=+0.0144  IC_IR=+1.47  LngAR=+0.082  ShtAR=+0.096  TO=0.066  NetSR=+0.991
2026-06-09 17:12:47 [INFO]   FF_PB                      SR=+1.212  AR=+0.176  IC=+0.0111  IC_IR=+1.25  LngAR=+0.074  ShtAR=+0.103  TO=0.067  NetSR=+1.155
2026-06-09 17:12:48 [INFO]   FF_EP                      SR=+0.475  AR=+0.058  IC=+0.0012  IC_IR=+0.16  LngAR=+0.035  ShtAR=+0.022  TO=0.032  NetSR=+0.441
2026-06-09 17:12:50 [INFO]   FF_DIV                     SR=+0.624  AR=+0.087  IC=+0.0058  IC_IR=+0.64  LngAR=+0.044  ShtAR=+0.043  TO=0.059  NetSR=+0.571
2026-06-09 17:12:52 [INFO]   FF_PS                      SR=+1.211  AR=+0.138  IC=+0.0081  IC_IR=+1.17  LngAR=+0.056  ShtAR=+0.081  TO=0.046  NetSR=+1.160
2026-06-09 17:12:53 [INFO]   FF_TO_F                    SR=+1.547  AR=+0.253  IC=+0.0142  IC_IR=+1.43  LngAR=+0.015  ShtAR=+0.238  TO=0.898  NetSR=+0.856
2026-06-09 17:12:55 [INFO]   FF_IDIO_MOM                SR=+1.092  AR=+0.175  IC=+0.0111  IC_IR=+1.13  LngAR=-0.001  ShtAR=+0.176  TO=0.621  NetSR=+0.605
2026-06-09 17:12:56 [INFO]   FF_PCT_CHG                 SR=+0.389  AR=+0.057  IC=+0.0025  IC_IR=+0.29  LngAR=-0.051  ShtAR=+0.108  TO=2.724  NetSR=-1.971
2026-06-09 17:12:58 [INFO]   FF_EXRET_5D                SR=+0.886  AR=+0.140  IC=+0.0099  IC_IR=+1.04  LngAR=-0.018  ShtAR=+0.158  TO=1.208  NetSR=-0.077
2026-06-09 17:12:59 [INFO]   FF_AMOUNT_STD_D40          SR=+1.267  AR=+0.218  IC=+0.0137  IC_IR=+1.28  LngAR=+0.086  ShtAR=+0.132  TO=0.059  NetSR=+1.224
2026-06-09 17:13:01 [INFO]   FF_TO_F_D20                SR=+1.362  AR=+0.237  IC=+0.0125  IC_IR=+1.19  LngAR=+0.045  ShtAR=+0.192  TO=0.136  NetSR=+1.264
2026-06-09 17:13:02 [INFO]   FF_FREEFLOAT_D20           SR=+1.132  AR=+0.208  IC=+0.0110  IC_IR=+0.99  LngAR=+0.024  ShtAR=+0.185  TO=0.123  NetSR=+1.048
2026-06-09 17:13:04 [INFO]   FF_AMIHUD_D40              SR=+1.106  AR=+0.152  IC=+0.0121  IC_IR=+1.45  LngAR=+0.052  ShtAR=+0.100  TO=0.033  NetSR=+1.076
2026-06-09 17:13:06 [INFO]   FF_TURNOVER_D40            SR=+1.096  AR=+0.204  IC=+0.0105  IC_IR=+0.93  LngAR=+0.060  ShtAR=+0.145  TO=0.071  NetSR=+1.048
2026-06-09 17:13:07 [INFO]   FF_NET_MF_D20              SR=+0.260  AR=+0.027  IC=+0.0016  IC_IR=+0.25  LngAR=-0.019  ShtAR=+0.046  TO=0.564  NetSR=-0.437
2026-06-09 17:13:09 [INFO]   FF_SKEW_D40                SR=+0.670  AR=+0.052  IC=+0.0040  IC_IR=+0.87  LngAR=+0.028  ShtAR=+0.024  TO=0.077  NetSR=+0.545
2026-06-09 17:13:10 [INFO]   FF_LARGE_SELL_D40          SR=+1.321  AR=+0.168  IC=+0.0103  IC_IR=+1.33  LngAR=+0.058  ShtAR=+0.111  TO=0.081  NetSR=+1.241
2026-06-09 17:13:12 [INFO]   FF_MOM_LOWVOL              SR=+1.573  AR=+0.247  IC=+0.0144  IC_IR=+1.49  LngAR=+0.034  ShtAR=+0.213  TO=0.596  NetSR=+1.096
2026-06-09 17:13:14 [INFO]   FF_OVERNIGHT_LOWVOL        SR=+2.037  AR=+0.293  IC=+0.0167  IC_IR=+1.91  LngAR=+0.087  ShtAR=+0.205  TO=1.706  NetSR=+0.540
2026-06-09 17:13:15 [INFO]   FF_VWAP_HL                 SR=+1.774  AR=+0.211  IC=+0.0131  IC_IR=+1.87  LngAR=+0.034  ShtAR=+0.177  TO=0.390  NetSR=+1.363
2026-06-09 17:13:17 [INFO]   FF_CLOSE_VWAP_DECAY        SR=+1.601  AR=+0.210  IC=+0.0124  IC_IR=+1.56  LngAR=+0.048  ShtAR=+0.162  TO=0.488  NetSR=+1.134
2026-06-09 17:13:19 [INFO]   FF_CORR_MOM                SR=+1.937  AR=+0.271  IC=+0.0167  IC_IR=+1.96  LngAR=+0.059  ShtAR=+0.212  TO=0.682  NetSR=+1.324
2026-06-09 17:13:20 [INFO]   FF_HL_TURNOVER             SR=+1.459  AR=+0.255  IC=+0.0147  IC_IR=+1.39  LngAR=+0.030  ShtAR=+0.225  TO=1.170  NetSR=+0.615
2026-06-09 17:13:22 [INFO]   FF_LIQUIDITY_REV           SR=+1.386  AR=+0.210  IC=+0.0126  IC_IR=+1.35  LngAR=-0.006  ShtAR=+0.215  TO=1.064  NetSR=+0.500
2026-06-09 17:13:24 [INFO]   FF_EXRET_LOWVOL            SR=+1.644  AR=+0.251  IC=+0.0151  IC_IR=+1.60  LngAR=+0.036  ShtAR=+0.215  TO=0.861  NetSR=+0.933
2026-06-09 17:13:25 [INFO]   FF_RANK_MOM                SR=+0.645  AR=+0.089  IC=+0.0059  IC_IR=+0.71  LngAR=+0.003  ShtAR=+0.085  TO=1.010  NetSR=-0.280
2026-06-09 17:13:27 [INFO]   FF_RANK_TURNOVER           SR=+1.657  AR=+0.181  IC=+0.0125  IC_IR=+1.82  LngAR=+0.046  ShtAR=+0.135  TO=1.509  NetSR=-0.079
2026-06-09 17:13:29 [INFO]   FF_RANK_VOL                SR=+1.103  AR=+0.110  IC=+0.0069  IC_IR=+1.06  LngAR=+0.035  ShtAR=+0.075  TO=0.620  NetSR=+0.318
2026-06-09 17:13:30 [INFO]   FF_RANK_AMIHUD             SR=+0.569  AR=+0.061  IC=+0.0043  IC_IR=+0.64  LngAR=+0.003  ShtAR=+0.058  TO=0.652  NetSR=-0.193
2026-06-09 17:13:32 [INFO]   FF_DECAY_REV_GAP           SR=+1.107  AR=+0.088  IC=+0.0058  IC_IR=+1.16  LngAR=-0.029  ShtAR=+0.117  TO=0.324  NetSR=+0.594
2026-06-09 17:13:34 [INFO]   FF_EXRET_DECAY             SR=+1.079  AR=+0.177  IC=+0.0114  IC_IR=+1.15  LngAR=-0.006  ShtAR=+0.182  TO=0.706  NetSR=+0.537
2026-06-09 17:13:35 [INFO]   FF_VOL_REGIME              SR=-1.022  AR=-0.141  IC=-0.0101  IC_IR=-1.20  LngAR=-0.169  ShtAR=+0.027  TO=1.159  NetSR=-2.066
2026-06-09 17:13:35 [INFO] 
=== 因子筛选（目标: |AR|>0.1, |SR|>2, |corr|<0.3）===
2026-06-09 17:13:35 [INFO]   严格筛选结果: 2 个因子
2026-06-09 17:13:35 [WARNING]   不足 10 个，放宽条件补足...
2026-06-09 17:13:35 [INFO] 
  最终 3 个达标因子:
2026-06-09 17:13:35 [INFO]     FF_VOL_PRICE_CORR          SR=+2.299  AR=+0.248  IC=+0.0151  IC_IR=+2.29  LngAR=+0.084  ShtAR=+0.164  TO=0.482  NetSR=+1.736
2026-06-09 17:13:35 [INFO]     FF_REV_OVERNIGHT           SR=+2.154  AR=+0.195  IC=+0.0113  IC_IR=+2.07  LngAR=+0.027  ShtAR=+0.168  TO=2.622  NetSR=-1.490
2026-06-09 17:13:35 [INFO]     FF_VWAP_HL                 SR=+1.774  AR=+0.211  IC=+0.0131  IC_IR=+1.87  LngAR=+0.034  ShtAR=+0.177  TO=0.390  NetSR=+1.363
2026-06-09 17:13:35 [INFO] 
=== 生成因子相关矩阵热力图 ===
2026-06-09 17:13:38 [INFO]   热力图已保存: d:\THU\课程\04-量化投资概论\homework\Final\FinalProject_Clean\group_1\02_factor_calculation\corr_matrix.png
2026-06-09 17:13:38 [INFO] 
=== 生成因子五分位分组收益曲线 ===
2026-06-09 17:13:52 [INFO]   分组收益图已保存: d:\THU\课程\04-量化投资概论\homework\Final\FinalProject_Clean\group_1\02_factor_calculation\quantile_returns.png
2026-06-09 17:13:52 [INFO] 
  因子数据已保存到: d:\THU\课程\04-量化投资概论\homework\Final\FinalProject_Clean\group_1\data\group1
2026-06-09 17:13:52 [INFO] 
================================================================================
2026-06-09 17:13:52 [INFO] 10个达标因子汇总表
2026-06-09 17:13:52 [INFO] ================================================================================
2026-06-09 17:13:52 [INFO] 因子名                         Sharpe   AnnRet  IC_mean   IC_IR    LngAR    ShtAR  Turnover    NetSR
2026-06-09 17:13:52 [INFO] ----------------------------------------------------------------------------------------------------
2026-06-09 17:13:52 [INFO] FF_VOL_PRICE_CORR           +2.299   +0.248  +0.0151   +2.29   +0.084   +0.164     0.482   +1.736
2026-06-09 17:13:52 [INFO] FF_REV_OVERNIGHT            +2.154   +0.195  +0.0113   +2.07   +0.027   +0.168     2.622   -1.490
2026-06-09 17:13:52 [INFO] FF_VWAP_HL                  +1.774   +0.211  +0.0131   +1.87   +0.034   +0.177     0.390   +1.363
2026-06-09 17:13:52 [INFO] 
完成！
